<?xml version="1.0" encoding="UTF-8"?>
<coverage generated="1669617596037" clover="3.2.0">
  <project timestamp="1669617596037" name="All files">
    <metrics statements="61" coveredstatements="57" conditionals="10" coveredconditionals="10" methods="21" coveredmethods="21" elements="92" coveredelements="88" complexity="0" loc="61" ncloc="61" packages="1" files="3" classes="3"/>
    <file name="FigureCalculator.js" path="D:\programming\learn\dicoding\javascript-projects\math-api\src\FigureCalculator.js">
      <metrics statements="15" coveredstatements="15" conditionals="4" coveredconditionals="4" methods="7" coveredmethods="7"/>
      <line num="7" count="17" type="stmt"/>
      <line num="11" count="33" type="cond" truecount="2" falsecount="0"/>
      <line num="12" count="13" type="stmt"/>
      <line num="15" count="30" type="cond" truecount="2" falsecount="0"/>
      <line num="16" count="12" type="stmt"/>
      <line num="19" count="8" type="stmt"/>
      <line num="23" count="8" type="stmt"/>
      <line num="25" count="2" type="stmt"/>
      <line num="29" count="8" type="stmt"/>
      <line num="31" count="2" type="stmt"/>
      <line num="35" count="9" type="stmt"/>
      <line num="37" count="2" type="stmt"/>
      <line num="41" count="8" type="stmt"/>
      <line num="43" count="2" type="stmt"/>
      <line num="47" count="2" type="stmt"/>
    </file>
    <file name="MathBasic.js" path="D:\programming\learn\dicoding\javascript-projects\math-api\src\MathBasic.js">
      <metrics statements="16" coveredstatements="16" conditionals="6" coveredconditionals="6" methods="5" coveredmethods="5"/>
      <line num="1" count="3" type="stmt"/>
      <line num="4" count="44" type="cond" truecount="2" falsecount="0"/>
      <line num="5" count="16" type="stmt"/>
      <line num="8" count="28" type="stmt"/>
      <line num="10" count="28" type="cond" truecount="4" falsecount="0"/>
      <line num="11" count="12" type="stmt"/>
      <line num="13" count="16" type="stmt"/>
      <line num="17" count="11" type="stmt"/>
      <line num="19" count="4" type="stmt"/>
      <line num="22" count="11" type="stmt"/>
      <line num="24" count="4" type="stmt"/>
      <line num="27" count="11" type="stmt"/>
      <line num="29" count="4" type="stmt"/>
      <line num="32" count="11" type="stmt"/>
      <line num="34" count="4" type="stmt"/>
      <line num="38" count="3" type="stmt"/>
    </file>
    <file name="createServer.js" path="D:\programming\learn\dicoding\javascript-projects\math-api\src\createServer.js">
      <metrics statements="30" coveredstatements="26" conditionals="0" coveredconditionals="0" methods="9" coveredmethods="9"/>
      <line num="1" count="1" type="stmt"/>
      <line num="9" count="1" type="stmt"/>
      <line num="10" count="8" type="stmt"/>
      <line num="15" count="8" type="stmt"/>
      <line num="20" count="1" type="stmt"/>
      <line num="21" count="1" type="stmt"/>
      <line num="22" count="1" type="stmt"/>
      <line num="29" count="1" type="stmt"/>
      <line num="30" count="1" type="stmt"/>
      <line num="31" count="1" type="stmt"/>
      <line num="38" count="1" type="stmt"/>
      <line num="39" count="1" type="stmt"/>
      <line num="40" count="1" type="stmt"/>
      <line num="47" count="1" type="stmt"/>
      <line num="48" count="1" type="stmt"/>
      <line num="49" count="1" type="stmt"/>
      <line num="56" count="1" type="stmt"/>
      <line num="57" count="1" type="stmt"/>
      <line num="58" count="0" type="stmt"/>
      <line num="65" count="1" type="stmt"/>
      <line num="66" count="1" type="stmt"/>
      <line num="67" count="0" type="stmt"/>
      <line num="74" count="1" type="stmt"/>
      <line num="75" count="1" type="stmt"/>
      <line num="76" count="0" type="stmt"/>
      <line num="83" count="1" type="stmt"/>
      <line num="84" count="1" type="stmt"/>
      <line num="85" count="0" type="stmt"/>
      <line num="90" count="8" type="stmt"/>
      <line num="93" count="1" type="stmt"/>
    </file>
  </project>
</coverage>
