{"D:\\programming\\learn\\dicoding\\javascript-projects\\math-api\\src\\FigureCalculator.js": {"path":"D:\\programming\\learn\\dicoding\\javascript-projects\\math-api\\src\\FigureCalculator.js","statementMap":{"0":{"start":{"line":7,"column":4},"end":{"line":7,"column":31}},"1":{"start":{"line":11,"column":4},"end":{"line":13,"column":5}},"2":{"start":{"line":12,"column":6},"end":{"line":12,"column":78}},"3":{"start":{"line":15,"column":4},"end":{"line":17,"column":5}},"4":{"start":{"line":15,"column":27},"end":{"line":15,"column":50}},"5":{"start":{"line":16,"column":6},"end":{"line":16,"column":64}},"6":{"start":{"line":19,"column":4},"end":{"line":19,"column":16}},"7":{"start":{"line":23,"column":28},"end":{"line":23,"column":58}},"8":{"start":{"line":25,"column":4},"end":{"line":25,"column":75}},"9":{"start":{"line":29,"column":28},"end":{"line":29,"column":58}},"10":{"start":{"line":31,"column":4},"end":{"line":31,"column":51}},"11":{"start":{"line":35,"column":33},"end":{"line":35,"column":63}},"12":{"start":{"line":37,"column":4},"end":{"line":37,"column":72}},"13":{"start":{"line":41,"column":27},"end":{"line":41,"column":57}},"14":{"start":{"line":43,"column":4},"end":{"line":43,"column":77}},"15":{"start":{"line":47,"column":0},"end":{"line":47,"column":34}}},"fnMap":{"0":{"name":"(anonymous_0)","decl":{"start":{"line":6,"column":2},"end":{"line":6,"column":3}},"loc":{"start":{"line":6,"column":25},"end":{"line":8,"column":3}},"line":6},"1":{"name":"(anonymous_1)","decl":{"start":{"line":10,"column":2},"end":{"line":10,"column":3}},"loc":{"start":{"line":10,"column":44},"end":{"line":20,"column":3}},"line":10},"2":{"name":"(anonymous_2)","decl":{"start":{"line":15,"column":18},"end":{"line":15,"column":19}},"loc":{"start":{"line":15,"column":27},"end":{"line":15,"column":50}},"line":15},"3":{"name":"(anonymous_3)","decl":{"start":{"line":22,"column":2},"end":{"line":22,"column":3}},"loc":{"start":{"line":22,"column":39},"end":{"line":26,"column":3}},"line":22},"4":{"name":"(anonymous_4)","decl":{"start":{"line":28,"column":2},"end":{"line":28,"column":3}},"loc":{"start":{"line":28,"column":34},"end":{"line":32,"column":3}},"line":28},"5":{"name":"(anonymous_5)","decl":{"start":{"line":34,"column":2},"end":{"line":34,"column":3}},"loc":{"start":{"line":34,"column":38},"end":{"line":38,"column":3}},"line":34},"6":{"name":"(anonymous_6)","decl":{"start":{"line":40,"column":2},"end":{"line":40,"column":3}},"loc":{"start":{"line":40,"column":33},"end":{"line":44,"column":3}},"line":40}},"branchMap":{"0":{"loc":{"start":{"line":11,"column":4},"end":{"line":13,"column":5}},"type":"if","locations":[{"start":{"line":11,"column":4},"end":{"line":13,"column":5}},{"start":{},"end":{}}],"line":11},"1":{"loc":{"start":{"line":15,"column":4},"end":{"line":17,"column":5}},"type":"if","locations":[{"start":{"line":15,"column":4},"end":{"line":17,"column":5}},{"start":{},"end":{}}],"line":15}},"s":{"0":17,"1":33,"2":13,"3":20,"4":30,"5":12,"6":8,"7":8,"8":2,"9":8,"10":2,"11":9,"12":2,"13":8,"14":2,"15":2},"f":{"0":17,"1":33,"2":30,"3":8,"4":8,"5":9,"6":8},"b":{"0":[13,20],"1":[12,8]},"_coverageSchema":"1a1c01bbd47fc00a2c39e90264f33305004495a9","hash":"aebb2bd097d02c61d4fcdea3ac19ec149c0d64da"}
,"D:\\programming\\learn\\dicoding\\javascript-projects\\math-api\\src\\MathBasic.js": {"path":"D:\\programming\\learn\\dicoding\\javascript-projects\\math-api\\src\\MathBasic.js","statementMap":{"0":{"start":{"line":1,"column":18},"end":{"line":36,"column":1}},"1":{"start":{"line":4,"column":4},"end":{"line":6,"column":5}},"2":{"start":{"line":5,"column":6},"end":{"line":5,"column":61}},"3":{"start":{"line":8,"column":19},"end":{"line":8,"column":23}},"4":{"start":{"line":10,"column":4},"end":{"line":12,"column":5}},"5":{"start":{"line":11,"column":6},"end":{"line":11,"column":64}},"6":{"start":{"line":13,"column":4},"end":{"line":13,"column":16}},"7":{"start":{"line":17,"column":19},"end":{"line":17,"column":46}},"8":{"start":{"line":19,"column":4},"end":{"line":19,"column":17}},"9":{"start":{"line":22,"column":19},"end":{"line":22,"column":46}},"10":{"start":{"line":24,"column":4},"end":{"line":24,"column":17}},"11":{"start":{"line":27,"column":19},"end":{"line":27,"column":46}},"12":{"start":{"line":29,"column":4},"end":{"line":29,"column":17}},"13":{"start":{"line":32,"column":19},"end":{"line":32,"column":46}},"14":{"start":{"line":34,"column":4},"end":{"line":34,"column":17}},"15":{"start":{"line":38,"column":0},"end":{"line":38,"column":27}}},"fnMap":{"0":{"name":"(anonymous_0)","decl":{"start":{"line":3,"column":2},"end":{"line":3,"column":3}},"loc":{"start":{"line":3,"column":25},"end":{"line":14,"column":3}},"line":3},"1":{"name":"(anonymous_1)","decl":{"start":{"line":16,"column":2},"end":{"line":16,"column":3}},"loc":{"start":{"line":16,"column":15},"end":{"line":20,"column":3}},"line":16},"2":{"name":"(anonymous_2)","decl":{"start":{"line":21,"column":2},"end":{"line":21,"column":3}},"loc":{"start":{"line":21,"column":20},"end":{"line":25,"column":3}},"line":21},"3":{"name":"(anonymous_3)","decl":{"start":{"line":26,"column":2},"end":{"line":26,"column":3}},"loc":{"start":{"line":26,"column":20},"end":{"line":30,"column":3}},"line":26},"4":{"name":"(anonymous_4)","decl":{"start":{"line":31,"column":2},"end":{"line":31,"column":3}},"loc":{"start":{"line":31,"column":18},"end":{"line":35,"column":3}},"line":31}},"branchMap":{"0":{"loc":{"start":{"line":4,"column":4},"end":{"line":6,"column":5}},"type":"if","locations":[{"start":{"line":4,"column":4},"end":{"line":6,"column":5}},{"start":{},"end":{}}],"line":4},"1":{"loc":{"start":{"line":10,"column":4},"end":{"line":12,"column":5}},"type":"if","locations":[{"start":{"line":10,"column":4},"end":{"line":12,"column":5}},{"start":{},"end":{}}],"line":10},"2":{"loc":{"start":{"line":10,"column":8},"end":{"line":10,"column":54}},"type":"binary-expr","locations":[{"start":{"line":10,"column":8},"end":{"line":10,"column":29}},{"start":{"line":10,"column":33},"end":{"line":10,"column":54}}],"line":10}},"s":{"0":3,"1":44,"2":16,"3":28,"4":28,"5":12,"6":16,"7":11,"8":4,"9":11,"10":4,"11":11,"12":4,"13":11,"14":4,"15":3},"f":{"0":44,"1":11,"2":11,"3":11,"4":11},"b":{"0":[16,28],"1":[12,16],"2":[28,16]},"_coverageSchema":"1a1c01bbd47fc00a2c39e90264f33305004495a9","hash":"bc2f7d38b47a0551eb7f451d0f7ba689420dc86b"}
,"D:\\programming\\learn\\dicoding\\javascript-projects\\math-api\\src\\createServer.js": {"path":"D:\\programming\\learn\\dicoding\\javascript-projects\\math-api\\src\\createServer.js","statementMap":{"0":{"start":{"line":1,"column":13},"end":{"line":1,"column":34}},"1":{"start":{"line":9,"column":21},"end":{"line":91,"column":1}},"2":{"start":{"line":10,"column":17},"end":{"line":13,"column":4}},"3":{"start":{"line":15,"column":2},"end":{"line":88,"column":5}},"4":{"start":{"line":20,"column":25},"end":{"line":20,"column":39}},"5":{"start":{"line":21,"column":22},"end":{"line":21,"column":57}},"6":{"start":{"line":22,"column":8},"end":{"line":22,"column":25}},"7":{"start":{"line":29,"column":25},"end":{"line":29,"column":39}},"8":{"start":{"line":30,"column":22},"end":{"line":30,"column":62}},"9":{"start":{"line":31,"column":8},"end":{"line":31,"column":25}},"10":{"start":{"line":38,"column":25},"end":{"line":38,"column":39}},"11":{"start":{"line":39,"column":22},"end":{"line":39,"column":62}},"12":{"start":{"line":40,"column":8},"end":{"line":40,"column":25}},"13":{"start":{"line":47,"column":25},"end":{"line":47,"column":39}},"14":{"start":{"line":48,"column":22},"end":{"line":48,"column":60}},"15":{"start":{"line":49,"column":8},"end":{"line":49,"column":25}},"16":{"start":{"line":56,"column":34},"end":{"line":56,"column":48}},"17":{"start":{"line":57,"column":22},"end":{"line":57,"column":97}},"18":{"start":{"line":58,"column":8},"end":{"line":58,"column":25}},"19":{"start":{"line":65,"column":34},"end":{"line":65,"column":48}},"20":{"start":{"line":66,"column":22},"end":{"line":66,"column":92}},"21":{"start":{"line":67,"column":8},"end":{"line":67,"column":25}},"22":{"start":{"line":74,"column":39},"end":{"line":74,"column":53}},"23":{"start":{"line":75,"column":22},"end":{"line":75,"column":109}},"24":{"start":{"line":76,"column":8},"end":{"line":76,"column":25}},"25":{"start":{"line":83,"column":33},"end":{"line":83,"column":47}},"26":{"start":{"line":84,"column":22},"end":{"line":84,"column":90}},"27":{"start":{"line":85,"column":8},"end":{"line":85,"column":25}},"28":{"start":{"line":90,"column":2},"end":{"line":90,"column":16}},"29":{"start":{"line":93,"column":0},"end":{"line":93,"column":30}}},"fnMap":{"0":{"name":"(anonymous_0)","decl":{"start":{"line":9,"column":21},"end":{"line":9,"column":22}},"loc":{"start":{"line":9,"column":58},"end":{"line":91,"column":1}},"line":9},"1":{"name":"(anonymous_1)","decl":{"start":{"line":19,"column":15},"end":{"line":19,"column":16}},"loc":{"start":{"line":19,"column":28},"end":{"line":23,"column":7}},"line":19},"2":{"name":"(anonymous_2)","decl":{"start":{"line":28,"column":15},"end":{"line":28,"column":16}},"loc":{"start":{"line":28,"column":28},"end":{"line":32,"column":7}},"line":28},"3":{"name":"(anonymous_3)","decl":{"start":{"line":37,"column":15},"end":{"line":37,"column":16}},"loc":{"start":{"line":37,"column":28},"end":{"line":41,"column":7}},"line":37},"4":{"name":"(anonymous_4)","decl":{"start":{"line":46,"column":15},"end":{"line":46,"column":16}},"loc":{"start":{"line":46,"column":28},"end":{"line":50,"column":7}},"line":46},"5":{"name":"(anonymous_5)","decl":{"start":{"line":55,"column":15},"end":{"line":55,"column":16}},"loc":{"start":{"line":55,"column":28},"end":{"line":59,"column":7}},"line":55},"6":{"name":"(anonymous_6)","decl":{"start":{"line":64,"column":15},"end":{"line":64,"column":16}},"loc":{"start":{"line":64,"column":28},"end":{"line":68,"column":7}},"line":64},"7":{"name":"(anonymous_7)","decl":{"start":{"line":73,"column":15},"end":{"line":73,"column":16}},"loc":{"start":{"line":73,"column":28},"end":{"line":77,"column":7}},"line":73},"8":{"name":"(anonymous_8)","decl":{"start":{"line":82,"column":15},"end":{"line":82,"column":16}},"loc":{"start":{"line":82,"column":28},"end":{"line":86,"column":7}},"line":82}},"branchMap":{},"s":{"0":1,"1":1,"2":8,"3":8,"4":1,"5":1,"6":1,"7":1,"8":1,"9":1,"10":1,"11":1,"12":1,"13":1,"14":1,"15":1,"16":1,"17":1,"18":0,"19":1,"20":1,"21":0,"22":1,"23":1,"24":0,"25":1,"26":1,"27":0,"28":8,"29":1},"f":{"0":8,"1":1,"2":1,"3":1,"4":1,"5":1,"6":1,"7":1,"8":1},"b":{},"_coverageSchema":"1a1c01bbd47fc00a2c39e90264f33305004495a9","hash":"0d7d000160c06b276403d510fb4e69e49eedd8f6"}
}
