TN:
SF:src\FigureCalculator.js
FN:6,(anonymous_0)
FN:10,(anonymous_1)
FN:15,(anonymous_2)
FN:22,(anonymous_3)
FN:28,(anonymous_4)
FN:34,(anonymous_5)
FN:40,(anonymous_6)
FNF:7
FNH:7
FNDA:17,(anonymous_0)
FNDA:33,(anonymous_1)
FNDA:30,(anonymous_2)
FNDA:8,(anonymous_3)
FNDA:8,(anonymous_4)
FNDA:9,(anonymous_5)
FNDA:8,(anonymous_6)
DA:7,17
DA:11,33
DA:12,13
DA:15,30
DA:16,12
DA:19,8
DA:23,8
DA:25,2
DA:29,8
DA:31,2
DA:35,9
DA:37,2
DA:41,8
DA:43,2
DA:47,2
LF:15
LH:15
BRDA:11,0,0,13
BRDA:11,0,1,20
BRDA:15,1,0,12
BRDA:15,1,1,8
BRF:4
BRH:4
end_of_record
TN:
SF:src\MathBasic.js
FN:3,(anonymous_0)
FN:16,(anonymous_1)
FN:21,(anonymous_2)
FN:26,(anonymous_3)
FN:31,(anonymous_4)
FNF:5
FNH:5
FNDA:44,(anonymous_0)
FNDA:11,(anonymous_1)
FNDA:11,(anonymous_2)
FNDA:11,(anonymous_3)
FNDA:11,(anonymous_4)
DA:1,3
DA:4,44
DA:5,16
DA:8,28
DA:10,28
DA:11,12
DA:13,16
DA:17,11
DA:19,4
DA:22,11
DA:24,4
DA:27,11
DA:29,4
DA:32,11
DA:34,4
DA:38,3
LF:16
LH:16
BRDA:4,0,0,16
BRDA:4,0,1,28
BRDA:10,1,0,12
BRDA:10,1,1,16
BRDA:10,2,0,28
BRDA:10,2,1,16
BRF:6
BRH:6
end_of_record
TN:
SF:src\createServer.js
FN:9,(anonymous_0)
FN:19,(anonymous_1)
FN:28,(anonymous_2)
FN:37,(anonymous_3)
FN:46,(anonymous_4)
FN:55,(anonymous_5)
FN:64,(anonymous_6)
FN:73,(anonymous_7)
FN:82,(anonymous_8)
FNF:9
FNH:9
FNDA:8,(anonymous_0)
FNDA:1,(anonymous_1)
FNDA:1,(anonymous_2)
FNDA:1,(anonymous_3)
FNDA:1,(anonymous_4)
FNDA:1,(anonymous_5)
FNDA:1,(anonymous_6)
FNDA:1,(anonymous_7)
FNDA:1,(anonymous_8)
DA:1,1
DA:9,1
DA:10,8
DA:15,8
DA:20,1
DA:21,1
DA:22,1
DA:29,1
DA:30,1
DA:31,1
DA:38,1
DA:39,1
DA:40,1
DA:47,1
DA:48,1
DA:49,1
DA:56,1
DA:57,1
DA:58,0
DA:65,1
DA:66,1
DA:67,0
DA:74,1
DA:75,1
DA:76,0
DA:83,1
DA:84,1
DA:85,0
DA:90,8
DA:93,1
LF:30
LH:26
BRF:0
BRH:0
end_of_record
